<?xml version="1.0" encoding="UTF-8"?>
<testng-results skipped="0" failed="0" total="1" passed="1">
  <reporter-output>
  </reporter-output>
  <suite name="Default suite" duration-ms="23663" started-at="2016-10-25T21:59:35Z" finished-at="2016-10-25T21:59:59Z">
    <groups>
    </groups>
    <test name="Default test" duration-ms="23663" started-at="2016-10-25T21:59:35Z" finished-at="2016-10-25T21:59:59Z">
      <class name="mf.client.sampleTest">
        <test-method status="PASS" signature="testRegister()[pri:0, instance:mf.client.sampleTest@2d6a9952]" name="testRegister" duration-ms="23646" started-at="2016-10-25T17:59:35Z" finished-at="2016-10-25T17:59:59Z">
          <reporter-output>
          </reporter-output>
        </test-method> <!-- testRegister -->
      </class> <!-- mf.client.sampleTest -->
    </test> <!-- Default test -->
  </suite> <!-- Default suite -->
</testng-results>
